<?xml version="1.0" encoding="UTF-8"?>
<!-- Generated by org.testng.reporters.JUnitReportReporter -->
<testsuite hostname="Mojo7490" failures="0" tests="2" name="runner.Test_SearchBar" time="61.226" errors="0" timestamp="2024-03-10T15:15:02 IST" skipped="0">
  <testcase classname="runner.Test_SearchBar" name="testScenario2_Ts2_SearchFunctionality" time="30.370"/>
  <testcase classname="runner.Test_SearchBar" name="testScenario2_Ts2_HoverAndClick" time="30.856"/>
</testsuite> <!-- runner.Test_SearchBar -->
